Flow report for microcomputer
Sat May 11 16:42:18 2013
Quartus II Version 9.1 Build 222 10/21/2009 SJ Web Edition


---------------------
; Table of Contents ;
---------------------
  1. Legal Notice
  2. Flow Summary
  3. Flow Settings
  4. Flow Non-Default Global Settings
  5. Flow Elapsed Time
  6. Flow OS Summary
  7. Flow Log



----------------
; Legal Notice ;
----------------
Copyright (C) 1991-2009 Altera Corporation
Your use of Altera Corporation's design tools, logic functions 
and other software and tools, and its AMPP partner logic 
functions, and any output files from any of the foregoing 
(including device programming or simulation files), and any 
associated documentation or information are expressly subject 
to the terms and conditions of the Altera Program License 
Subscription Agreement, Altera MegaCore Function License 
Agreement, or other applicable license agreement, including, 
without limitation, that your use is for the sole purpose of 
programming logic devices manufactured by Altera and sold by 
Altera or its authorized distributors.  Please refer to the 
applicable agreement for further details.



+-------------------------------------------------------------------------+
; Flow Summary                                                            ;
+-------------------------------+-----------------------------------------+
; Flow Status                   ; Successful - Sat May 11 16:42:18 2013   ;
; Quartus II Version            ; 9.1 Build 222 10/21/2009 SJ Web Edition ;
; Revision Name                 ; microcomputer                           ;
; Top-level Entity Name         ; microcomputer                           ;
; Family                        ; Stratix II                              ;
; Met timing requirements       ; No                                      ;
; Logic utilization             ; 21 %                                    ;
;     Combinational ALUTs       ; 1,586 / 12,480 ( 13 % )                 ;
;     Dedicated logic registers ; 1,452 / 12,480 ( 12 % )                 ;
; Total registers               ; 1452                                    ;
; Total pins                    ; 179 / 343 ( 52 % )                      ;
; Total virtual pins            ; 0                                       ;
; Total block memory bits       ; 2,048 / 419,328 ( < 1 % )               ;
; DSP block 9-bit elements      ; 0 / 96 ( 0 % )                          ;
; Total PLLs                    ; 0 / 6 ( 0 % )                           ;
; Total DLLs                    ; 0 / 2 ( 0 % )                           ;
; Device                        ; EP2S15F484C3                            ;
; Timing Models                 ; Final                                   ;
+-------------------------------+-----------------------------------------+


+-----------------------------------------+
; Flow Settings                           ;
+-------------------+---------------------+
; Option            ; Setting             ;
+-------------------+---------------------+
; Start date & time ; 05/11/2013 16:40:37 ;
; Main task         ; Compilation         ;
; Revision Name     ; microcomputer       ;
+-------------------+---------------------+


+--------------------------------------------------------------------------------------------------------------------+
; Flow Non-Default Global Settings                                                                                   ;
+------------------------------------+--------------------------------+---------------+-------------+----------------+
; Assignment Name                    ; Value                          ; Default Value ; Entity Name ; Section Id     ;
+------------------------------------+--------------------------------+---------------+-------------+----------------+
; COMPILER_SIGNATURE_ID              ; 1096884134828.136827963705000  ; --            ; --          ; --             ;
; IP_TOOL_NAME                       ; LPM_DECODE                     ; --            ; --          ; --             ;
; IP_TOOL_NAME                       ; LPM_COUNTER                    ; --            ; --          ; --             ;
; IP_TOOL_NAME                       ; LPM_BUSTRI                     ; --            ; --          ; --             ;
; IP_TOOL_NAME                       ; LPM_COUNTER                    ; --            ; --          ; --             ;
; IP_TOOL_NAME                       ; LPM_ADD_SUB                    ; --            ; --          ; --             ;
; IP_TOOL_NAME                       ; LPM_COMPARE                    ; --            ; --          ; --             ;
; IP_TOOL_NAME                       ; LPM_COMPARE                    ; --            ; --          ; --             ;
; IP_TOOL_NAME                       ; LPM_COMPARE                    ; --            ; --          ; --             ;
; IP_TOOL_NAME                       ; LPM_FF                         ; --            ; --          ; --             ;
; IP_TOOL_NAME                       ; LPM_FF                         ; --            ; --          ; --             ;
; IP_TOOL_NAME                       ; LPM_MUX                        ; --            ; --          ; --             ;
; IP_TOOL_NAME                       ; LPM_COMPARE                    ; --            ; --          ; --             ;
; IP_TOOL_NAME                       ; LPM_DECODE                     ; --            ; --          ; --             ;
; IP_TOOL_NAME                       ; LPM_MUX                        ; --            ; --          ; --             ;
; IP_TOOL_NAME                       ; LPM_COUNTER                    ; --            ; --          ; --             ;
; IP_TOOL_NAME                       ; LPM_COUNTER                    ; --            ; --          ; --             ;
; IP_TOOL_NAME                       ; LPM_COUNTER                    ; --            ; --          ; --             ;
; IP_TOOL_NAME                       ; LPM_CONSTANT                   ; --            ; --          ; --             ;
; IP_TOOL_NAME                       ; LPM_BUSTRI                     ; --            ; --          ; --             ;
; IP_TOOL_NAME                       ; LPM_ADD_SUB                    ; --            ; --          ; --             ;
; IP_TOOL_NAME                       ; LPM_ADD_SUB                    ; --            ; --          ; --             ;
; IP_TOOL_NAME                       ; LPM_DECODE                     ; --            ; --          ; --             ;
; IP_TOOL_NAME                       ; LPM_COUNTER                    ; --            ; --          ; --             ;
; IP_TOOL_NAME                       ; LPM_FF                         ; --            ; --          ; --             ;
; IP_TOOL_NAME                       ; LPM_FF                         ; --            ; --          ; --             ;
; IP_TOOL_NAME                       ; LPM_COUNTER                    ; --            ; --          ; --             ;
; IP_TOOL_NAME                       ; LPM_AND                        ; --            ; --          ; --             ;
; IP_TOOL_NAME                       ; LPM_CLSHIFT                    ; --            ; --          ; --             ;
; IP_TOOL_NAME                       ; LPM_COMPARE                    ; --            ; --          ; --             ;
; IP_TOOL_VERSION                    ; 9.1                            ; --            ; --          ; --             ;
; IP_TOOL_VERSION                    ; 9.1                            ; --            ; --          ; --             ;
; IP_TOOL_VERSION                    ; 9.1                            ; --            ; --          ; --             ;
; IP_TOOL_VERSION                    ; 9.1                            ; --            ; --          ; --             ;
; IP_TOOL_VERSION                    ; 9.1                            ; --            ; --          ; --             ;
; IP_TOOL_VERSION                    ; 9.1                            ; --            ; --          ; --             ;
; IP_TOOL_VERSION                    ; 9.1                            ; --            ; --          ; --             ;
; IP_TOOL_VERSION                    ; 9.1                            ; --            ; --          ; --             ;
; IP_TOOL_VERSION                    ; 9.1                            ; --            ; --          ; --             ;
; IP_TOOL_VERSION                    ; 9.1                            ; --            ; --          ; --             ;
; IP_TOOL_VERSION                    ; 9.1                            ; --            ; --          ; --             ;
; IP_TOOL_VERSION                    ; 9.1                            ; --            ; --          ; --             ;
; IP_TOOL_VERSION                    ; 9.1                            ; --            ; --          ; --             ;
; IP_TOOL_VERSION                    ; 9.1                            ; --            ; --          ; --             ;
; IP_TOOL_VERSION                    ; 9.1                            ; --            ; --          ; --             ;
; IP_TOOL_VERSION                    ; 9.1                            ; --            ; --          ; --             ;
; IP_TOOL_VERSION                    ; 9.1                            ; --            ; --          ; --             ;
; IP_TOOL_VERSION                    ; 9.1                            ; --            ; --          ; --             ;
; IP_TOOL_VERSION                    ; 9.1                            ; --            ; --          ; --             ;
; IP_TOOL_VERSION                    ; 9.1                            ; --            ; --          ; --             ;
; IP_TOOL_VERSION                    ; 9.1                            ; --            ; --          ; --             ;
; IP_TOOL_VERSION                    ; 9.1                            ; --            ; --          ; --             ;
; IP_TOOL_VERSION                    ; 9.1                            ; --            ; --          ; --             ;
; IP_TOOL_VERSION                    ; 9.1                            ; --            ; --          ; --             ;
; IP_TOOL_VERSION                    ; 9.1                            ; --            ; --          ; --             ;
; IP_TOOL_VERSION                    ; 9.1                            ; --            ; --          ; --             ;
; IP_TOOL_VERSION                    ; 9.1                            ; --            ; --          ; --             ;
; IP_TOOL_VERSION                    ; 9.1                            ; --            ; --          ; --             ;
; IP_TOOL_VERSION                    ; 9.1                            ; --            ; --          ; --             ;
; MISC_FILE                          ; HELPERS/lpm_decode0.bsf        ; --            ; --          ; --             ;
; MISC_FILE                          ; HELPERS/lpm_decode0_inst.vhd   ; --            ; --          ; --             ;
; MISC_FILE                          ; HELPERS/lpm_decode0.inc        ; --            ; --          ; --             ;
; MISC_FILE                          ; HELPERS/lpm_decode0.cmp        ; --            ; --          ; --             ;
; MISC_FILE                          ; HELPERS/lpm_counter0.bsf       ; --            ; --          ; --             ;
; MISC_FILE                          ; HELPERS/lpm_counter0_inst.vhd  ; --            ; --          ; --             ;
; MISC_FILE                          ; HELPERS/lpm_counter0.inc       ; --            ; --          ; --             ;
; MISC_FILE                          ; HELPERS/lpm_counter0.cmp       ; --            ; --          ; --             ;
; MISC_FILE                          ; HELPERS/lpm_bustri0.bsf        ; --            ; --          ; --             ;
; MISC_FILE                          ; HELPERS/lpm_bustri0_inst.vhd   ; --            ; --          ; --             ;
; MISC_FILE                          ; HELPERS/lpm_bustri0.inc        ; --            ; --          ; --             ;
; MISC_FILE                          ; HELPERS/lpm_bustri0.cmp        ; --            ; --          ; --             ;
; MISC_FILE                          ; HELPERS/lpm_counter1.bsf       ; --            ; --          ; --             ;
; MISC_FILE                          ; HELPERS/lpm_counter1_inst.vhd  ; --            ; --          ; --             ;
; MISC_FILE                          ; HELPERS/lpm_counter1.inc       ; --            ; --          ; --             ;
; MISC_FILE                          ; HELPERS/lpm_counter1.cmp       ; --            ; --          ; --             ;
; MISC_FILE                          ; HELPERS/lpm_add_sub0.bsf       ; --            ; --          ; --             ;
; MISC_FILE                          ; HELPERS/lpm_add_sub0_inst.vhd  ; --            ; --          ; --             ;
; MISC_FILE                          ; HELPERS/lpm_add_sub0.inc       ; --            ; --          ; --             ;
; MISC_FILE                          ; HELPERS/lpm_add_sub0.cmp       ; --            ; --          ; --             ;
; MISC_FILE                          ; HELPERS/lpm_compare0.bsf       ; --            ; --          ; --             ;
; MISC_FILE                          ; HELPERS/lpm_compare0_inst.vhd  ; --            ; --          ; --             ;
; MISC_FILE                          ; HELPERS/lpm_compare0.inc       ; --            ; --          ; --             ;
; MISC_FILE                          ; HELPERS/lpm_compare0.cmp       ; --            ; --          ; --             ;
; MISC_FILE                          ; HELPERS/lpm_compare1.bsf       ; --            ; --          ; --             ;
; MISC_FILE                          ; HELPERS/lpm_compare1_inst.vhd  ; --            ; --          ; --             ;
; MISC_FILE                          ; HELPERS/lpm_compare1.inc       ; --            ; --          ; --             ;
; MISC_FILE                          ; HELPERS/lpm_compare1.cmp       ; --            ; --          ; --             ;
; MISC_FILE                          ; HELPERS/lpm_compare2.bsf       ; --            ; --          ; --             ;
; MISC_FILE                          ; HELPERS/lpm_compare2_inst.vhd  ; --            ; --          ; --             ;
; MISC_FILE                          ; HELPERS/lpm_compare2.inc       ; --            ; --          ; --             ;
; MISC_FILE                          ; HELPERS/lpm_compare2.cmp       ; --            ; --          ; --             ;
; MISC_FILE                          ; HELPERS/lpm_dff0.bsf           ; --            ; --          ; --             ;
; MISC_FILE                          ; HELPERS/lpm_dff0_inst.vhd      ; --            ; --          ; --             ;
; MISC_FILE                          ; HELPERS/lpm_dff0.inc           ; --            ; --          ; --             ;
; MISC_FILE                          ; HELPERS/lpm_dff0.cmp           ; --            ; --          ; --             ;
; MISC_FILE                          ; HELPERS/lpm_dff1.bsf           ; --            ; --          ; --             ;
; MISC_FILE                          ; HELPERS/lpm_dff1_inst.vhd      ; --            ; --          ; --             ;
; MISC_FILE                          ; HELPERS/lpm_dff1.inc           ; --            ; --          ; --             ;
; MISC_FILE                          ; HELPERS/lpm_dff1.cmp           ; --            ; --          ; --             ;
; MISC_FILE                          ; HELPERS/lpm_mux0.bsf           ; --            ; --          ; --             ;
; MISC_FILE                          ; HELPERS/lpm_mux0_inst.vhd      ; --            ; --          ; --             ;
; MISC_FILE                          ; HELPERS/lpm_mux0.inc           ; --            ; --          ; --             ;
; MISC_FILE                          ; HELPERS/lpm_mux0.cmp           ; --            ; --          ; --             ;
; MISC_FILE                          ; HELPERS/lpm_compare3.bsf       ; --            ; --          ; --             ;
; MISC_FILE                          ; HELPERS/lpm_compare3_inst.vhd  ; --            ; --          ; --             ;
; MISC_FILE                          ; HELPERS/lpm_compare3.inc       ; --            ; --          ; --             ;
; MISC_FILE                          ; HELPERS/lpm_compare3.cmp       ; --            ; --          ; --             ;
; MISC_FILE                          ; HELPERS/lpm_decode1.bsf        ; --            ; --          ; --             ;
; MISC_FILE                          ; HELPERS/lpm_decode1_inst.vhd   ; --            ; --          ; --             ;
; MISC_FILE                          ; HELPERS/lpm_decode1.inc        ; --            ; --          ; --             ;
; MISC_FILE                          ; HELPERS/lpm_decode1.cmp        ; --            ; --          ; --             ;
; MISC_FILE                          ; HELPERS/lpm_mux1.bsf           ; --            ; --          ; --             ;
; MISC_FILE                          ; HELPERS/lpm_mux1_inst.vhd      ; --            ; --          ; --             ;
; MISC_FILE                          ; HELPERS/lpm_mux1.inc           ; --            ; --          ; --             ;
; MISC_FILE                          ; HELPERS/lpm_mux1.cmp           ; --            ; --          ; --             ;
; MISC_FILE                          ; HELPERS/lpm_counter2.bsf       ; --            ; --          ; --             ;
; MISC_FILE                          ; HELPERS/lpm_counter2_inst.vhd  ; --            ; --          ; --             ;
; MISC_FILE                          ; HELPERS/lpm_counter2.inc       ; --            ; --          ; --             ;
; MISC_FILE                          ; HELPERS/lpm_counter2.cmp       ; --            ; --          ; --             ;
; MISC_FILE                          ; HELPERS/lpm_counter3.bsf       ; --            ; --          ; --             ;
; MISC_FILE                          ; HELPERS/lpm_counter3_inst.vhd  ; --            ; --          ; --             ;
; MISC_FILE                          ; HELPERS/lpm_counter3.inc       ; --            ; --          ; --             ;
; MISC_FILE                          ; HELPERS/lpm_counter3.cmp       ; --            ; --          ; --             ;
; MISC_FILE                          ; HELPERS/lpm_counter4.bsf       ; --            ; --          ; --             ;
; MISC_FILE                          ; HELPERS/lpm_counter4_inst.vhd  ; --            ; --          ; --             ;
; MISC_FILE                          ; HELPERS/lpm_counter4.inc       ; --            ; --          ; --             ;
; MISC_FILE                          ; HELPERS/lpm_counter4.cmp       ; --            ; --          ; --             ;
; MISC_FILE                          ; HELPERS/lpm_constant0.bsf      ; --            ; --          ; --             ;
; MISC_FILE                          ; HELPERS/lpm_constant0_inst.vhd ; --            ; --          ; --             ;
; MISC_FILE                          ; HELPERS/lpm_constant0.inc      ; --            ; --          ; --             ;
; MISC_FILE                          ; HELPERS/lpm_constant0.cmp      ; --            ; --          ; --             ;
; MISC_FILE                          ; HELPERS/lpm_bustri1.bsf        ; --            ; --          ; --             ;
; MISC_FILE                          ; HELPERS/lpm_bustri1_inst.vhd   ; --            ; --          ; --             ;
; MISC_FILE                          ; HELPERS/lpm_bustri1.inc        ; --            ; --          ; --             ;
; MISC_FILE                          ; HELPERS/lpm_bustri1.cmp        ; --            ; --          ; --             ;
; MISC_FILE                          ; HELPERS/lpm_add_sub1.bsf       ; --            ; --          ; --             ;
; MISC_FILE                          ; HELPERS/lpm_add_sub1_inst.vhd  ; --            ; --          ; --             ;
; MISC_FILE                          ; HELPERS/lpm_add_sub1.inc       ; --            ; --          ; --             ;
; MISC_FILE                          ; HELPERS/lpm_add_sub1.cmp       ; --            ; --          ; --             ;
; MISC_FILE                          ; HELPERS/lpm_add_sub2.bsf       ; --            ; --          ; --             ;
; MISC_FILE                          ; HELPERS/lpm_add_sub2_inst.vhd  ; --            ; --          ; --             ;
; MISC_FILE                          ; HELPERS/lpm_add_sub2.inc       ; --            ; --          ; --             ;
; MISC_FILE                          ; HELPERS/lpm_add_sub2.cmp       ; --            ; --          ; --             ;
; MISC_FILE                          ; HELPERS/lpm_decode2.bsf        ; --            ; --          ; --             ;
; MISC_FILE                          ; HELPERS/lpm_decode2_inst.vhd   ; --            ; --          ; --             ;
; MISC_FILE                          ; HELPERS/lpm_decode2.inc        ; --            ; --          ; --             ;
; MISC_FILE                          ; HELPERS/lpm_decode2.cmp        ; --            ; --          ; --             ;
; MISC_FILE                          ; HELPERS/lpm_counter5.bsf       ; --            ; --          ; --             ;
; MISC_FILE                          ; HELPERS/lpm_counter5_inst.vhd  ; --            ; --          ; --             ;
; MISC_FILE                          ; HELPERS/lpm_counter5.inc       ; --            ; --          ; --             ;
; MISC_FILE                          ; HELPERS/lpm_counter5.cmp       ; --            ; --          ; --             ;
; MISC_FILE                          ; HELPERS/lpm_dff2.bsf           ; --            ; --          ; --             ;
; MISC_FILE                          ; HELPERS/lpm_dff2_inst.vhd      ; --            ; --          ; --             ;
; MISC_FILE                          ; HELPERS/lpm_dff2.inc           ; --            ; --          ; --             ;
; MISC_FILE                          ; HELPERS/lpm_dff2.cmp           ; --            ; --          ; --             ;
; MISC_FILE                          ; HELPERS/lpm_dff3.bsf           ; --            ; --          ; --             ;
; MISC_FILE                          ; HELPERS/lpm_dff3_inst.vhd      ; --            ; --          ; --             ;
; MISC_FILE                          ; HELPERS/lpm_dff3.inc           ; --            ; --          ; --             ;
; MISC_FILE                          ; HELPERS/lpm_dff3.cmp           ; --            ; --          ; --             ;
; MISC_FILE                          ; HELPERS/lpm_counter6.bsf       ; --            ; --          ; --             ;
; MISC_FILE                          ; HELPERS/lpm_counter6_inst.vhd  ; --            ; --          ; --             ;
; MISC_FILE                          ; HELPERS/lpm_counter6.inc       ; --            ; --          ; --             ;
; MISC_FILE                          ; HELPERS/lpm_counter6.cmp       ; --            ; --          ; --             ;
; MISC_FILE                          ; HELPERS/lpm_and0.bsf           ; --            ; --          ; --             ;
; MISC_FILE                          ; HELPERS/lpm_and0_inst.vhd      ; --            ; --          ; --             ;
; MISC_FILE                          ; HELPERS/lpm_and0.inc           ; --            ; --          ; --             ;
; MISC_FILE                          ; HELPERS/lpm_and0.cmp           ; --            ; --          ; --             ;
; MISC_FILE                          ; HELPERS/lpm_clshift0.bsf       ; --            ; --          ; --             ;
; MISC_FILE                          ; HELPERS/lpm_clshift0_inst.vhd  ; --            ; --          ; --             ;
; MISC_FILE                          ; HELPERS/lpm_clshift0.inc       ; --            ; --          ; --             ;
; MISC_FILE                          ; HELPERS/lpm_clshift0.cmp       ; --            ; --          ; --             ;
; MISC_FILE                          ; HELPERS/lpm_compare4.bsf       ; --            ; --          ; --             ;
; MISC_FILE                          ; HELPERS/lpm_compare4_inst.vhd  ; --            ; --          ; --             ;
; MISC_FILE                          ; HELPERS/lpm_compare4.inc       ; --            ; --          ; --             ;
; MISC_FILE                          ; HELPERS/lpm_compare4.cmp       ; --            ; --          ; --             ;
; PARTITION_COLOR                    ; 16764057                       ; --            ; --          ; Top            ;
; PARTITION_NETLIST_TYPE             ; SOURCE                         ; --            ; --          ; Top            ;
; USE_GENERATED_PHYSICAL_CONSTRAINTS ; Off                            ; --            ; --          ; eda_blast_fpga ;
+------------------------------------+--------------------------------+---------------+-------------+----------------+


+-----------------------------------------------------------------------------------------------------------------------------+
; Flow Elapsed Time                                                                                                           ;
+-------------------------+--------------+-------------------------+---------------------+------------------------------------+
; Module Name             ; Elapsed Time ; Average Processors Used ; Peak Virtual Memory ; Total CPU Time (on all processors) ;
+-------------------------+--------------+-------------------------+---------------------+------------------------------------+
; Analysis & Synthesis    ; 00:00:36     ; 1.0                     ; 259 MB              ; 00:00:32                           ;
; Fitter                  ; 00:00:51     ; 1.0                     ; 244 MB              ; 00:00:49                           ;
; Assembler               ; 00:00:03     ; 1.0                     ; 218 MB              ; 00:00:03                           ;
; Classic Timing Analyzer ; 00:00:02     ; 1.0                     ; 162 MB              ; 00:00:03                           ;
; Total                   ; 00:01:32     ; --                      ; --                  ; 00:01:27                           ;
+-------------------------+--------------+-------------------------+---------------------+------------------------------------+


+------------------------------------------------------------------------------------------+
; Flow OS Summary                                                                          ;
+-------------------------+------------------+---------------+------------+----------------+
; Module Name             ; Machine Hostname ; OS Name       ; OS Version ; Processor type ;
+-------------------------+------------------+---------------+------------+----------------+
; Analysis & Synthesis    ; Zver             ; Windows Vista ; 6.1        ; i1686          ;
; Fitter                  ; Zver             ; Windows Vista ; 6.1        ; i1686          ;
; Assembler               ; Zver             ; Windows Vista ; 6.1        ; i1686          ;
; Classic Timing Analyzer ; Zver             ; Windows Vista ; 6.1        ; i1686          ;
+-------------------------+------------------+---------------+------------+----------------+


------------
; Flow Log ;
------------
quartus_map --read_settings_files=on --write_settings_files=off microcomputer -c microcomputer
quartus_fit --read_settings_files=off --write_settings_files=off microcomputer -c microcomputer
quartus_asm --read_settings_files=off --write_settings_files=off microcomputer -c microcomputer
quartus_tan --read_settings_files=off --write_settings_files=off microcomputer -c microcomputer --timing_analysis_only



